<?xml version="1.0" encoding="UTF-8"?>
<!-- Generated by org.testng.reporters.JUnitReportReporter -->
<testsuite skipped="0" hostname="LAPTOP-EAS88SUS" name="test.LoginTest" tests="1" failures="0" timestamp="11 Jan 2023 04:51:29 GMT" time="19.800" errors="0">
  <testcase name="validUserShouldAbleToLogin" time="19.800" classname="test.LoginTest"/>
</testsuite> <!-- test.LoginTest -->
